mode: set
avabodha.in/concurrency/subscription/cmd/web/handlers.go:16.69,18.2 1 1
avabodha.in/concurrency/subscription/cmd/web/handlers.go:20.70,22.2 1 1
avabodha.in/concurrency/subscription/cmd/web/handlers.go:24.74,29.16 3 1
avabodha.in/concurrency/subscription/cmd/web/handlers.go:34.2,39.16 4 1
avabodha.in/concurrency/subscription/cmd/web/handlers.go:45.2,47.16 2 1
avabodha.in/concurrency/subscription/cmd/web/handlers.go:53.2,53.20 1 0
avabodha.in/concurrency/subscription/cmd/web/handlers.go:66.2,71.47 4 0
avabodha.in/concurrency/subscription/cmd/web/handlers.go:29.16,31.3 1 0
avabodha.in/concurrency/subscription/cmd/web/handlers.go:39.16,43.3 3 0
avabodha.in/concurrency/subscription/cmd/web/handlers.go:47.16,51.3 3 1
avabodha.in/concurrency/subscription/cmd/web/handlers.go:53.20,64.3 5 0
avabodha.in/concurrency/subscription/cmd/web/handlers.go:74.67,80.2 3 0
avabodha.in/concurrency/subscription/cmd/web/handlers.go:82.73,84.2 1 0
avabodha.in/concurrency/subscription/cmd/web/handlers.go:86.77,88.16 2 0
avabodha.in/concurrency/subscription/cmd/web/handlers.go:95.2,105.16 3 0
avabodha.in/concurrency/subscription/cmd/web/handlers.go:111.2,125.52 7 0
avabodha.in/concurrency/subscription/cmd/web/handlers.go:88.16,90.3 1 0
avabodha.in/concurrency/subscription/cmd/web/handlers.go:105.16,108.3 2 0
avabodha.in/concurrency/subscription/cmd/web/handlers.go:129.76,135.11 4 0
avabodha.in/concurrency/subscription/cmd/web/handlers.go:142.2,143.16 2 0
avabodha.in/concurrency/subscription/cmd/web/handlers.go:149.2,152.16 3 0
avabodha.in/concurrency/subscription/cmd/web/handlers.go:158.2,159.52 2 0
avabodha.in/concurrency/subscription/cmd/web/handlers.go:135.11,139.3 3 0
avabodha.in/concurrency/subscription/cmd/web/handlers.go:143.16,147.3 3 0
avabodha.in/concurrency/subscription/cmd/web/handlers.go:152.16,156.3 3 0
avabodha.in/concurrency/subscription/cmd/web/handlers.go:163.79,165.48 1 0
avabodha.in/concurrency/subscription/cmd/web/handlers.go:171.2,172.16 2 0
avabodha.in/concurrency/subscription/cmd/web/handlers.go:176.2,181.4 3 0
avabodha.in/concurrency/subscription/cmd/web/handlers.go:165.48,169.3 3 0
avabodha.in/concurrency/subscription/cmd/web/handlers.go:172.16,174.3 1 0
avabodha.in/concurrency/subscription/cmd/web/handlers.go:184.76,191.16 4 0
avabodha.in/concurrency/subscription/cmd/web/handlers.go:198.2,199.9 2 0
avabodha.in/concurrency/subscription/cmd/web/handlers.go:206.2,208.12 2 0
avabodha.in/concurrency/subscription/cmd/web/handlers.go:227.2,228.12 2 0
avabodha.in/concurrency/subscription/cmd/web/handlers.go:254.2,255.16 2 0
avabodha.in/concurrency/subscription/cmd/web/handlers.go:262.2,263.16 2 0
avabodha.in/concurrency/subscription/cmd/web/handlers.go:268.2,272.60 3 0
avabodha.in/concurrency/subscription/cmd/web/handlers.go:191.16,195.3 3 0
avabodha.in/concurrency/subscription/cmd/web/handlers.go:199.9,203.3 3 0
avabodha.in/concurrency/subscription/cmd/web/handlers.go:208.12,211.17 3 0
avabodha.in/concurrency/subscription/cmd/web/handlers.go:215.3,222.21 2 0
avabodha.in/concurrency/subscription/cmd/web/handlers.go:211.17,213.4 1 0
avabodha.in/concurrency/subscription/cmd/web/handlers.go:228.12,233.17 4 0
avabodha.in/concurrency/subscription/cmd/web/handlers.go:238.3,250.51 3 0
avabodha.in/concurrency/subscription/cmd/web/handlers.go:233.17,236.4 2 0
avabodha.in/concurrency/subscription/cmd/web/handlers.go:255.16,259.3 3 0
avabodha.in/concurrency/subscription/cmd/web/handlers.go:263.16,267.3 3 0
avabodha.in/concurrency/subscription/cmd/web/handlers.go:275.82,299.2 14 0
avabodha.in/concurrency/subscription/cmd/web/handlers.go:301.80,303.2 1 0
avabodha.in/concurrency/subscription/cmd/web/mailer.go:43.36,44.6 1 0
avabodha.in/concurrency/subscription/cmd/web/mailer.go:44.6,45.10 1 0
avabodha.in/concurrency/subscription/cmd/web/mailer.go:46.39,47.53 1 0
avabodha.in/concurrency/subscription/cmd/web/mailer.go:48.38,49.29 1 0
avabodha.in/concurrency/subscription/cmd/web/mailer.go:50.30,51.10 1 0
avabodha.in/concurrency/subscription/cmd/web/mailer.go:56.60,58.24 2 0
avabodha.in/concurrency/subscription/cmd/web/mailer.go:62.2,62.20 1 0
avabodha.in/concurrency/subscription/cmd/web/mailer.go:66.2,66.24 1 0
avabodha.in/concurrency/subscription/cmd/web/mailer.go:70.2,70.30 1 0
avabodha.in/concurrency/subscription/cmd/web/mailer.go:74.2,74.27 1 0
avabodha.in/concurrency/subscription/cmd/web/mailer.go:78.2,82.16 3 0
avabodha.in/concurrency/subscription/cmd/web/mailer.go:87.2,88.16 2 0
avabodha.in/concurrency/subscription/cmd/web/mailer.go:92.2,103.16 11 0
avabodha.in/concurrency/subscription/cmd/web/mailer.go:107.2,112.30 5 0
avabodha.in/concurrency/subscription/cmd/web/mailer.go:118.2,118.32 1 0
avabodha.in/concurrency/subscription/cmd/web/mailer.go:124.2,126.16 2 0
avabodha.in/concurrency/subscription/cmd/web/mailer.go:58.24,60.3 1 0
avabodha.in/concurrency/subscription/cmd/web/mailer.go:62.20,64.3 1 0
avabodha.in/concurrency/subscription/cmd/web/mailer.go:66.24,68.3 1 0
avabodha.in/concurrency/subscription/cmd/web/mailer.go:70.30,72.3 1 0
avabodha.in/concurrency/subscription/cmd/web/mailer.go:74.27,76.3 1 0
avabodha.in/concurrency/subscription/cmd/web/mailer.go:82.16,84.3 1 0
avabodha.in/concurrency/subscription/cmd/web/mailer.go:88.16,90.3 1 0
avabodha.in/concurrency/subscription/cmd/web/mailer.go:103.16,105.3 1 0
avabodha.in/concurrency/subscription/cmd/web/mailer.go:112.30,113.37 1 0
avabodha.in/concurrency/subscription/cmd/web/mailer.go:113.37,115.4 1 0
avabodha.in/concurrency/subscription/cmd/web/mailer.go:118.32,119.45 1 0
avabodha.in/concurrency/subscription/cmd/web/mailer.go:119.45,121.4 1 0
avabodha.in/concurrency/subscription/cmd/web/mailer.go:126.16,128.3 1 0
avabodha.in/concurrency/subscription/cmd/web/mailer.go:131.62,134.16 3 0
avabodha.in/concurrency/subscription/cmd/web/mailer.go:138.2,139.68 2 0
avabodha.in/concurrency/subscription/cmd/web/mailer.go:143.2,145.16 3 0
avabodha.in/concurrency/subscription/cmd/web/mailer.go:149.2,149.30 1 0
avabodha.in/concurrency/subscription/cmd/web/mailer.go:134.16,136.3 1 0
avabodha.in/concurrency/subscription/cmd/web/mailer.go:139.68,141.3 1 0
avabodha.in/concurrency/subscription/cmd/web/mailer.go:145.16,147.3 1 0
avabodha.in/concurrency/subscription/cmd/web/mailer.go:152.63,155.16 3 0
avabodha.in/concurrency/subscription/cmd/web/mailer.go:159.2,160.68 2 0
avabodha.in/concurrency/subscription/cmd/web/mailer.go:164.2,166.26 2 0
avabodha.in/concurrency/subscription/cmd/web/mailer.go:155.16,157.3 1 0
avabodha.in/concurrency/subscription/cmd/web/mailer.go:160.68,162.3 1 0
avabodha.in/concurrency/subscription/cmd/web/mailer.go:169.52,177.16 3 0
avabodha.in/concurrency/subscription/cmd/web/mailer.go:181.2,182.16 2 0
avabodha.in/concurrency/subscription/cmd/web/mailer.go:186.2,186.18 1 0
avabodha.in/concurrency/subscription/cmd/web/mailer.go:177.16,179.3 1 0
avabodha.in/concurrency/subscription/cmd/web/mailer.go:182.16,184.3 1 0
avabodha.in/concurrency/subscription/cmd/web/mailer.go:189.56,190.11 1 0
avabodha.in/concurrency/subscription/cmd/web/mailer.go:191.13,192.33 1 0
avabodha.in/concurrency/subscription/cmd/web/mailer.go:193.13,194.31 1 0
avabodha.in/concurrency/subscription/cmd/web/mailer.go:195.14,196.29 1 0
avabodha.in/concurrency/subscription/cmd/web/mailer.go:197.10,198.33 1 0
avabodha.in/concurrency/subscription/cmd/web/middleware.go:5.64,7.2 1 1
avabodha.in/concurrency/subscription/cmd/web/middleware.go:10.57,11.71 1 1
avabodha.in/concurrency/subscription/cmd/web/middleware.go:11.71,12.49 1 0
avabodha.in/concurrency/subscription/cmd/web/middleware.go:17.3,17.23 1 0
avabodha.in/concurrency/subscription/cmd/web/middleware.go:12.49,16.4 3 0
avabodha.in/concurrency/subscription/cmd/web/signer.go:15.21,17.2 1 0
avabodha.in/concurrency/subscription/cmd/web/signer.go:20.50,24.33 3 0
avabodha.in/concurrency/subscription/cmd/web/signer.go:30.2,33.14 3 0
avabodha.in/concurrency/subscription/cmd/web/signer.go:24.33,26.3 1 0
avabodha.in/concurrency/subscription/cmd/web/signer.go:26.8,28.3 1 0
avabodha.in/concurrency/subscription/cmd/web/signer.go:37.37,41.16 3 0
avabodha.in/concurrency/subscription/cmd/web/signer.go:47.2,47.13 1 0
avabodha.in/concurrency/subscription/cmd/web/signer.go:41.16,45.3 1 0
avabodha.in/concurrency/subscription/cmd/web/signer.go:52.57,58.2 3 0
avabodha.in/concurrency/subscription/cmd/web/routes.go:10.42,29.2 12 1
avabodha.in/concurrency/subscription/cmd/web/routes.go:31.46,39.2 5 1
avabodha.in/concurrency/subscription/cmd/web/helpers.go:3.43,6.2 2 0
avabodha.in/concurrency/subscription/cmd/web/main.go:28.13,70.2 12 0
avabodha.in/concurrency/subscription/cmd/web/main.go:72.38,73.6 1 0
avabodha.in/concurrency/subscription/cmd/web/main.go:73.6,74.10 1 0
avabodha.in/concurrency/subscription/cmd/web/main.go:75.31,76.29 1 0
avabodha.in/concurrency/subscription/cmd/web/main.go:77.28,78.10 1 0
avabodha.in/concurrency/subscription/cmd/web/main.go:83.28,92.16 4 0
avabodha.in/concurrency/subscription/cmd/web/main.go:92.16,94.3 1 0
avabodha.in/concurrency/subscription/cmd/web/main.go:97.23,99.17 2 0
avabodha.in/concurrency/subscription/cmd/web/main.go:102.2,102.13 1 0
avabodha.in/concurrency/subscription/cmd/web/main.go:99.17,101.3 1 0
avabodha.in/concurrency/subscription/cmd/web/main.go:105.28,110.6 3 0
avabodha.in/concurrency/subscription/cmd/web/main.go:110.6,113.17 2 0
avabodha.in/concurrency/subscription/cmd/web/main.go:120.3,120.18 1 0
avabodha.in/concurrency/subscription/cmd/web/main.go:124.3,127.11 4 0
avabodha.in/concurrency/subscription/cmd/web/main.go:113.17,115.4 1 0
avabodha.in/concurrency/subscription/cmd/web/main.go:115.9,118.4 2 0
avabodha.in/concurrency/subscription/cmd/web/main.go:120.18,122.4 1 0
avabodha.in/concurrency/subscription/cmd/web/main.go:131.42,134.16 2 0
avabodha.in/concurrency/subscription/cmd/web/main.go:138.2,140.16 2 0
avabodha.in/concurrency/subscription/cmd/web/main.go:144.2,144.16 1 0
avabodha.in/concurrency/subscription/cmd/web/main.go:134.16,136.3 1 0
avabodha.in/concurrency/subscription/cmd/web/main.go:140.16,142.3 1 0
avabodha.in/concurrency/subscription/cmd/web/main.go:147.40,158.2 8 0
avabodha.in/concurrency/subscription/cmd/web/main.go:160.30,163.36 1 0
avabodha.in/concurrency/subscription/cmd/web/main.go:167.2,167.18 1 0
avabodha.in/concurrency/subscription/cmd/web/main.go:163.36,165.4 1 0
avabodha.in/concurrency/subscription/cmd/web/main.go:171.40,177.2 5 0
avabodha.in/concurrency/subscription/cmd/web/main.go:179.31,194.2 10 0
avabodha.in/concurrency/subscription/cmd/web/main.go:196.38,215.2 5 0
avabodha.in/concurrency/subscription/cmd/web/render.go:27.95,39.29 4 1
avabodha.in/concurrency/subscription/cmd/web/render.go:43.2,43.15 1 1
avabodha.in/concurrency/subscription/cmd/web/render.go:47.2,48.16 2 1
avabodha.in/concurrency/subscription/cmd/web/render.go:54.2,54.67 1 1
avabodha.in/concurrency/subscription/cmd/web/render.go:39.29,41.3 1 1
avabodha.in/concurrency/subscription/cmd/web/render.go:43.15,45.3 1 1
avabodha.in/concurrency/subscription/cmd/web/render.go:48.16,52.3 3 0
avabodha.in/concurrency/subscription/cmd/web/render.go:54.67,58.3 3 0
avabodha.in/concurrency/subscription/cmd/web/render.go:61.84,66.28 5 1
avabodha.in/concurrency/subscription/cmd/web/render.go:76.2,77.11 2 1
avabodha.in/concurrency/subscription/cmd/web/render.go:66.28,70.10 3 1
avabodha.in/concurrency/subscription/cmd/web/render.go:70.10,72.4 1 0
avabodha.in/concurrency/subscription/cmd/web/render.go:72.9,74.4 1 1
avabodha.in/concurrency/subscription/cmd/web/render.go:80.58,82.2 1 1
